::1 - - [07/Oct/2025:06:03:19 +0000] "GET /api/employees/ HTTP/1.1" 200 1246
::1 - - [07/Oct/2025:06:03:32 +0000] "GET /api/employees/ HTTP/1.1" 200 1246
::1 - - [07/Oct/2025:06:03:34 +0000] "GET /api/employees/ HTTP/1.1" 200 1246
::1 - - [07/Oct/2025:06:04:01 +0000] "GET /api/employees/ HTTP/1.1" 200 1246
::1 - - [07/Oct/2025:06:33:05 +0000] "GET /api/employees/ HTTP/1.1" 200 1246
::1 - - [07/Oct/2025:07:31:06 +0000] "POST /api/employees HTTP/1.1" 400 1005
::1 - - [07/Oct/2025:07:33:31 +0000] "POST /api/employees HTTP/1.1" 400 1005
::1 - - [07/Oct/2025:07:33:36 +0000] "POST /api/employees HTTP/1.1" 400 1005
::1 - - [07/Oct/2025:07:33:38 +0000] "POST /api/employees HTTP/1.1" 400 1005
::1 - - [07/Oct/2025:07:33:49 +0000] "POST /api/employees HTTP/1.1" 400 1005
::1 - - [07/Oct/2025:07:33:53 +0000] "POST /api/employees HTTP/1.1" 400 1003
::1 - - [07/Oct/2025:07:34:02 +0000] "POST /api/employees HTTP/1.1" 400 1003
::1 - - [07/Oct/2025:07:34:16 +0000] "POST /api/employees HTTP/1.1" 400 1003
::1 - - [07/Oct/2025:07:35:31 +0000] "POST /api/employees HTTP/1.1" 400 1003
::1 - - [07/Oct/2025:07:36:04 +0000] "POST /api/employees HTTP/1.1" 400 1002
::1 - - [07/Oct/2025:07:37:58 +0000] "GET /api/employees/ HTTP/1.1" 200 1246
::1 - - [07/Oct/2025:07:46:05 +0000] "POST /api/employees HTTP/1.1" 400 1002
::1 - - [07/Oct/2025:07:46:09 +0000] "GET /api/employees/ HTTP/1.1" 200 1246
::1 - - [07/Oct/2025:07:46:33 +0000] "GET /api/employees/68df600863ff5bbc6eda2318 HTTP/1.1" 200 209
::1 - - [07/Oct/2025:07:50:17 +0000] "POST /api/employees HTTP/1.1" 403 46
::1 - - [07/Oct/2025:07:51:05 +0000] "POST /api/employees HTTP/1.1" 403 46
::1 - - [07/Oct/2025:07:51:09 +0000] "POST /api/employees HTTP/1.1" 403 46
::1 - - [07/Oct/2025:07:51:40 +0000] "POST /api/employees HTTP/1.1" 403 46
::1 - - [07/Oct/2025:07:53:03 +0000] "POST /api/employees HTTP/1.1" 403 46
::1 - - [07/Oct/2025:07:53:04 +0000] "POST /api/employees HTTP/1.1" 403 46
::1 - - [07/Oct/2025:07:54:33 +0000] "POST /api/employees HTTP/1.1" 403 46
::1 - - [07/Oct/2025:07:54:34 +0000] "POST /api/employees HTTP/1.1" 403 46
::1 - - [07/Oct/2025:07:54:39 +0000] "POST /api/employees HTTP/1.1" 403 46
::1 - - [07/Oct/2025:07:54:46 +0000] "POST /api/employees HTTP/1.1" 403 46
::1 - - [07/Oct/2025:07:54:59 +0000] "POST /api/employees HTTP/1.1" 403 46
::1 - - [07/Oct/2025:07:55:09 +0000] "GET /api/employees/68df600863ff5bbc6eda2318 HTTP/1.1" 200 209
::1 - - [07/Oct/2025:07:55:14 +0000] "GET /api/employees/ HTTP/1.1" 200 1246
::1 - - [07/Oct/2025:08:04:03 +0000] "POST /api/employees HTTP/1.1" 400 999
::1 - - [09/Oct/2025:05:04:59 +0000] "POST /api/employees HTTP/1.1" 400 999
::1 - - [09/Oct/2025:05:05:35 +0000] "POST /api/employees HTTP/1.1" 400 999
::1 - - [09/Oct/2025:05:05:38 +0000] "POST /api/employees HTTP/1.1" 400 999
::1 - - [09/Oct/2025:05:06:16 +0000] "GET /api/employees/ HTTP/1.1" 200 1246
::1 - - [09/Oct/2025:05:06:32 +0000] "POST /api/employees HTTP/1.1" 400 993
::1 - - [09/Oct/2025:05:06:46 +0000] "POST /api/employees HTTP/1.1" 400 993
::1 - - [09/Oct/2025:05:08:31 +0000] "POST /api/employees HTTP/1.1" 400 993
::1 - - [09/Oct/2025:05:12:54 +0000] "POST /api/employees HTTP/1.1" 400 694
::1 - - [09/Oct/2025:05:18:16 +0000] "POST /api/employees HTTP/1.1" 201 225
::1 - - [09/Oct/2025:05:25:10 +0000] "POST /api/employees HTTP/1.1" 201 225
::1 - - [25/Nov/2025:04:49:49 +0000] "POST /api/employees HTTP/1.1" 201 225
::1 - - [25/Nov/2025:04:54:16 +0000] "GET /api/employees/ HTTP/1.1" 200 1924
::1 - - [25/Nov/2025:16:30:09 +0000] "GET /api/employees/ HTTP/1.1" 200 1924
::1 - - [26/Nov/2025:11:32:31 +0000] "GET /api/employees/ HTTP/1.1" 200 1924
