::1 - - [09/Oct/2025:06:54:16 +0000] "GET / HTTP/1.1" 200 5
::1 - - [09/Oct/2025:06:54:16 +0000] "GET /favicon.ico HTTP/1.1" 404 150
::1 - - [09/Oct/2025:06:54:30 +0000] "GET / HTTP/1.1" 200 13
::1 - - [09/Oct/2025:09:23:36 +0000] "POST /api/users HTTP/1.1" 201 39
::1 - - [09/Oct/2025:09:25:11 +0000] "GET /api/users HTTP/1.1" 404 148
::1 - - [09/Oct/2025:09:25:14 +0000] "GET /api/users HTTP/1.1" 404 148
::1 - - [09/Oct/2025:09:29:11 +0000] "GET / HTTP/1.1" 304 -
::1 - - [09/Oct/2025:09:29:18 +0000] "GET /api/users HTTP/1.1" 404 148
::1 - - [09/Oct/2025:09:30:47 +0000] "POST /api/users HTTP/1.1" 201 39
::1 - - [09/Oct/2025:09:43:11 +0000] "POST /api/users HTTP/1.1" 201 39
::1 - - [09/Oct/2025:09:47:49 +0000] "POST /api/users HTTP/1.1" 201 189
::1 - - [09/Oct/2025:09:59:55 +0000] "POST /api/users HTTP/1.1" 500 32
::1 - - [09/Oct/2025:10:02:12 +0000] "POST /api/users HTTP/1.1" 201 242
::1 - - [11/Oct/2025:04:44:37 +0000] "POST /api/users HTTP/1.1" 201 242
::1 - - [11/Oct/2025:06:00:40 +0000] "POST /api/users HTTP/1.1" 400 31
::1 - - [11/Oct/2025:06:00:51 +0000] "POST /api/users HTTP/1.1" 201 242
::1 - - [11/Oct/2025:06:10:26 +0000] "POST /api/users HTTP/1.1" 400 31
::1 - - [11/Oct/2025:06:56:56 +0000] "POST /api/users HTTP/1.1" 400 31
::1 - - [11/Oct/2025:06:58:21 +0000] "POST /api/users HTTP/1.1" 400 38
::1 - - [11/Oct/2025:06:58:34 +0000] "POST /api/users HTTP/1.1" 201 242
::1 - - [11/Oct/2025:07:01:32 +0000] "POST /api/users/login HTTP/1.1" 200 242
::1 - - [11/Oct/2025:07:01:56 +0000] "POST /api/users/login HTTP/1.1" 400 25
::1 - - [11/Oct/2025:07:02:06 +0000] "POST /api/users/login HTTP/1.1" 400 28
::1 - - [11/Oct/2025:07:02:10 +0000] "POST /api/users/login HTTP/1.1" 200 242
::1 - - [11/Oct/2025:07:06:31 +0000] "POST /api/users HTTP/1.1" 400 31
::1 - - [11/Oct/2025:07:06:42 +0000] "POST /api/users HTTP/1.1" 201 242
::1 - - [11/Oct/2025:07:07:52 +0000] "POST /api/users/login HTTP/1.1" 400 116
::1 - - [11/Oct/2025:07:08:08 +0000] "POST /api/users/login HTTP/1.1" 400 28
::1 - - [11/Oct/2025:07:13:31 +0000] "POST /api/users/login HTTP/1.1" 400 25
::1 - - [11/Oct/2025:07:13:48 +0000] "POST /api/users/login HTTP/1.1" 400 41
::1 - - [11/Oct/2025:07:13:55 +0000] "POST /api/users HTTP/1.1" 201 242
::1 - - [11/Oct/2025:07:14:10 +0000] "POST /api/users/login HTTP/1.1" 200 242
::1 - - [11/Oct/2025:07:39:00 +0000] "POST /api/users HTTP/1.1" 400 31
::1 - - [11/Oct/2025:07:39:11 +0000] "POST /api/users/login HTTP/1.1" 200 188
::1 - - [14/Oct/2025:06:13:15 +0000] "POST /api/users/login HTTP/1.1" 200 188
::1 - - [14/Oct/2025:06:13:25 +0000] "GET /api/account HTTP/1.1" 404 150
::1 - - [14/Oct/2025:06:13:55 +0000] "GET /api/users/account HTTP/1.1" 401 30
::1 - - [14/Oct/2025:06:15:05 +0000] "GET /api/users/account HTTP/1.1" 401 25
::1 - - [14/Oct/2025:06:15:18 +0000] "GET /api/users/account HTTP/1.1" 200 17
::1 - - [14/Oct/2025:07:23:34 +0000] "GET /api/users/account HTTP/1.1" 200 17
::1 - - [14/Oct/2025:07:23:38 +0000] "POST /api/users/login HTTP/1.1" 200 188
::1 - - [14/Oct/2025:07:23:53 +0000] "GET /api/users/account HTTP/1.1" 200 17
::1 - - [14/Oct/2025:07:27:06 +0000] "POST /api/users/login HTTP/1.1" 200 188
::1 - - [14/Oct/2025:07:27:27 +0000] "GET /api/users/account HTTP/1.1" 200 242
::1 - - [14/Oct/2025:07:34:41 +0000] "GET /api/users/account HTTP/1.1" 200 168
::1 - - [16/Oct/2025:07:24:09 +0000] "POST /api/users HTTP/1.1" 400 64
::1 - - [16/Oct/2025:07:24:36 +0000] "POST /api/notes HTTP/1.1" 401 30
::1 - - [16/Oct/2025:08:36:10 +0000] "POST /api/notes HTTP/1.1" 404 149
::1 - - [16/Oct/2025:08:36:29 +0000] "POST /api/notes HTTP/1.1" 404 149
::1 - - [16/Oct/2025:08:39:22 +0000] "POST /api/notes HTTP/1.1" 401 30
::1 - - [16/Oct/2025:08:48:58 +0000] "POST /api/notes HTTP/1.1" 401 30
::1 - - [16/Oct/2025:08:49:02 +0000] "POST /api/notes HTTP/1.1" 401 30
::1 - - [16/Oct/2025:08:49:02 +0000] "POST /api/notes HTTP/1.1" 401 30
::1 - - [16/Oct/2025:08:49:12 +0000] "POST /api/notes HTTP/1.1" 401 30
::1 - - [16/Oct/2025:08:52:21 +0000] "POST /api/notes HTTP/1.1" 201 218
::1 - - [18/Oct/2025:06:49:43 +0000] "POST /api/users/login HTTP/1.1" 200 188
::1 - - [18/Oct/2025:06:51:08 +0000] "POST /api/notes HTTP/1.1" 201 218
::1 - - [18/Oct/2025:06:53:17 +0000] "POST /api/notes HTTP/1.1" 201 214
::1 - - [18/Oct/2025:06:54:55 +0000] "POST /api/notes HTTP/1.1" 201 208
::1 - - [18/Oct/2025:06:57:06 +0000] "POST /api/users/login HTTP/1.1" 200 188
::1 - - [18/Oct/2025:06:57:24 +0000] "POST /api/notes HTTP/1.1" 201 208
::1 - - [18/Oct/2025:06:58:28 +0000] "GET /api/notes HTTP/1.1" 401 30
::1 - - [18/Oct/2025:06:58:45 +0000] "GET /api/notes/68f33a54eef33c5ebdb7ef46 HTTP/1.1" 401 30
::1 - - [18/Oct/2025:06:59:00 +0000] "GET /api/notes HTTP/1.1" 401 30
::1 - - [18/Oct/2025:06:59:38 +0000] "GET /api/notes HTTP/1.1" 200 853
::1 - - [18/Oct/2025:07:01:05 +0000] "GET /api/notes/68f33a54eef33c5ebdb7ef46 HTTP/1.1" 404 2
::1 - - [18/Oct/2025:07:01:18 +0000] "GET /api/notes/68ea03b3d75dbc7b24e31e2c HTTP/1.1" 404 2
::1 - - [18/Oct/2025:07:01:23 +0000] "GET /api/notes/68f33a54eef33c5ebdb7ef46 HTTP/1.1" 404 2
::1 - - [18/Oct/2025:07:11:09 +0000] "POST /api/users/register HTTP/1.1" 400 68
::1 - - [18/Oct/2025:07:11:28 +0000] "POST /api/users/register HTTP/1.1" 400 31
::1 - - [18/Oct/2025:07:11:51 +0000] "POST /api/users/register HTTP/1.1" 201 241
::1 - - [18/Oct/2025:07:12:05 +0000] "POST /api/users/register HTTP/1.1" 400 68
::1 - - [18/Oct/2025:07:12:19 +0000] "POST /api/users/register HTTP/1.1" 201 237
::1 - - [18/Oct/2025:07:12:34 +0000] "POST /api/users/register HTTP/1.1" 201 239
::1 - - [18/Oct/2025:07:13:53 +0000] "POST /api/users/login HTTP/1.1" 200 188
::1 - - [18/Oct/2025:07:14:34 +0000] "POST /api/users/login HTTP/1.1" 200 188
::1 - - [18/Oct/2025:07:14:39 +0000] "POST /api/users/login HTTP/1.1" 200 188
::1 - - [18/Oct/2025:07:15:04 +0000] "POST /api/users/login HTTP/1.1" 200 188
::1 - - [18/Oct/2025:07:16:54 +0000] "POST /api/users/register HTTP/1.1" 400 31
::1 - - [18/Oct/2025:07:17:19 +0000] "POST /api/users/login HTTP/1.1" 200 188
::1 - - [18/Oct/2025:07:18:24 +0000] "POST /api/users/login HTTP/1.1" 200 188
::1 - - [18/Oct/2025:07:19:01 +0000] "POST /api/users/login HTTP/1.1" 200 188
::1 - - [18/Oct/2025:07:20:18 +0000] "GET /api/users/account HTTP/1.1" 200 167
::1 - - [18/Oct/2025:07:21:28 +0000] "GET /api/users/account HTTP/1.1" 200 163
::1 - - [18/Oct/2025:07:22:03 +0000] "GET /api/users/account HTTP/1.1" 200 165
::1 - - [18/Oct/2025:07:25:14 +0000] "POST /api/notes HTTP/1.1" 201 208
::1 - - [18/Oct/2025:07:25:19 +0000] "POST /api/notes HTTP/1.1" 201 178
::1 - - [18/Oct/2025:07:26:17 +0000] "POST /api/notes HTTP/1.1" 201 174
::1 - - [18/Oct/2025:07:26:42 +0000] "POST /api/users/login HTTP/1.1" 200 188
::1 - - [18/Oct/2025:07:27:05 +0000] "POST /api/users/login HTTP/1.1" 200 188
::1 - - [18/Oct/2025:07:27:24 +0000] "POST /api/notes HTTP/1.1" 201 176
::1 - - [18/Oct/2025:07:27:42 +0000] "POST /api/users/login HTTP/1.1" 200 188
::1 - - [18/Oct/2025:07:28:07 +0000] "POST /api/notes HTTP/1.1" 201 174
::1 - - [18/Oct/2025:07:29:24 +0000] "GET /api/notes HTTP/1.1" 200 2
::1 - - [18/Oct/2025:07:29:44 +0000] "GET /api/notes HTTP/1.1" 200 176
::1 - - [18/Oct/2025:07:31:19 +0000] "GET /api/notes/68f34187ca85d2d7c2fed81a HTTP/1.1" 404 2
::1 - - [18/Oct/2025:07:33:22 +0000] "GET /api/notes/68f34187ca85d2d7c2fed81a HTTP/1.1" 200 174
::1 - - [18/Oct/2025:07:39:58 +0000] "PUT /api/notes/68f34187ca85d2d7c2fed81a HTTP/1.1" 200 184
::1 - - [18/Oct/2025:07:42:54 +0000] "GET /api/notes/68f34187ca85d2d7c2fed81a HTTP/1.1" 200 184
::1 - - [18/Oct/2025:07:43:10 +0000] "DELETE /api/notes/68f34187ca85d2d7c2fed81a HTTP/1.1" 200 184
::1 - - [18/Oct/2025:07:43:13 +0000] "DELETE /api/notes/68f34187ca85d2d7c2fed81a HTTP/1.1" 404 26
::1 - - [18/Oct/2025:07:44:41 +0000] "GET /api/notes/68f33dd3ca85d2d7c2fed7ff HTTP/1.1" 404 2
::1 - - [18/Oct/2025:07:44:53 +0000] "GET /api/notes/68f33dd3ca85d2d7c2fed7ff HTTP/1.1" 401 30
::1 - - [18/Oct/2025:07:46:51 +0000] "POST /api/users/register HTTP/1.1" 201 247
::1 - - [18/Oct/2025:13:16:04 +0000] "GET /api/users/account HTTP/1.1" 200 165
::1 - - [21/Oct/2025:13:24:49 +0000] "POST /api/notes HTTP/1.1" 201 174
::1 - - [21/Oct/2025:13:25:01 +0000] "POST /api/users/login HTTP/1.1" 200 188
::1 - - [21/Oct/2025:13:25:39 +0000] "POST /api/notes HTTP/1.1" 201 174
::1 - - [21/Oct/2025:13:48:38 +0000] "POST /api/notes HTTP/1.1" 201 174
::1 - - [21/Oct/2025:13:49:11 +0000] "POST /api/notes HTTP/1.1" 201 174
::1 - - [21/Oct/2025:13:50:43 +0000] "POST /api/notes HTTP/1.1" 201 174
::1 - - [24/Oct/2025:05:16:35 +0000] "POST /api/users/register HTTP/1.1" 201 256
::1 - - [24/Oct/2025:05:16:54 +0000] "POST /api/users/register HTTP/1.1" 201 255
::1 - - [24/Oct/2025:05:22:03 +0000] "POST /api/users/register HTTP/1.1" 201 255
::1 - - [24/Oct/2025:05:27:35 +0000] "POST /api/users/register HTTP/1.1" 400 37
::1 - - [24/Oct/2025:05:27:42 +0000] "POST /api/users/register HTTP/1.1" 201 255
::1 - - [24/Oct/2025:05:31:52 +0000] "POST /api/users/login HTTP/1.1" 200 208
::1 - - [24/Oct/2025:05:36:19 +0000] "GET /api/users/account HTTP/1.1" 200 182
::1 - - [24/Oct/2025:05:38:49 +0000] "GET /api/users/account HTTP/1.1" 200 182
::1 - - [24/Oct/2025:05:41:42 +0000] "GET /api/users/account HTTP/1.1" 200 182
::1 - - [24/Oct/2025:05:53:52 +0000] "POST /api/users/register HTTP/1.1" 201 255
::1 - - [24/Oct/2025:05:54:04 +0000] "POST /api/users/login HTTP/1.1" 200 208
::1 - - [24/Oct/2025:05:54:32 +0000] "GET /api/users/account HTTP/1.1" 200 182
::1 - - [24/Oct/2025:06:44:11 +0000] "GET /api/users/account HTTP/1.1" 200 182
::1 - - [24/Oct/2025:06:48:02 +0000] "GET /api/users/account HTTP/1.1" 200 182
::1 - - [24/Oct/2025:07:18:06 +0000] "POST /api/users/login HTTP/1.1" 200 208
::1 - - [24/Oct/2025:07:18:18 +0000] "GET /api/users/account HTTP/1.1" 200 182
::1 - - [24/Oct/2025:07:18:26 +0000] "GET /api/users/all HTTP/1.1" 401 30
::1 - - [24/Oct/2025:07:18:40 +0000] "GET /api/users/all HTTP/1.1" 200 1282
::1 - - [24/Oct/2025:07:20:15 +0000] "POST /api/users/register HTTP/1.1" 201 263
::1 - - [24/Oct/2025:07:20:33 +0000] "POST /api/users/login HTTP/1.1" 200 207
::1 - - [24/Oct/2025:07:21:03 +0000] "GET /api/users/all HTTP/1.1" 403 26
::1 - - [24/Oct/2025:07:21:56 +0000] "GET /api/users/all HTTP/1.1" 403 26
::1 - - [24/Oct/2025:07:22:58 +0000] "POST /api/users/login HTTP/1.1" 200 208
::1 - - [24/Oct/2025:07:23:12 +0000] "GET /api/users/all HTTP/1.1" 200 1546
::1 - - [24/Oct/2025:07:26:11 +0000] "POST /api/users/login HTTP/1.1" 200 207
::1 - - [24/Oct/2025:07:26:21 +0000] "GET /api/users/all HTTP/1.1" 403 26
::1 - - [24/Oct/2025:07:27:24 +0000] "GET /api/users/all HTTP/1.1" 403 26
::1 - - [24/Oct/2025:07:32:58 +0000] "DELETE /api/users/68fb1470017aaffda42c64ac HTTP/1.1" 500 32
::1 - - [24/Oct/2025:07:33:02 +0000] "DELETE /api/users/68fb1470017aaffda42c64ac HTTP/1.1" 500 32
::1 - - [24/Oct/2025:07:33:20 +0000] "POST /api/users/login HTTP/1.1" 200 208
::1 - - [24/Oct/2025:07:33:36 +0000] "GET /api/users/account HTTP/1.1" 200 182
::1 - - [24/Oct/2025:07:33:47 +0000] "GET /api/users/all HTTP/1.1" 200 1286
::1 - - [24/Oct/2025:07:34:46 +0000] "DELETE /api/users/68fb0e4ee83b3121e8ea144d HTTP/1.1" 500 32
::1 - - [24/Oct/2025:07:36:22 +0000] "DELETE /api/users/68fb0e4ee83b3121e8ea144d HTTP/1.1" 403 26
::1 - - [24/Oct/2025:07:37:14 +0000] "DELETE /api/users/68fb0e4ee83b3121e8ea144d HTTP/1.1" 403 26
::1 - - [24/Oct/2025:07:43:51 +0000] "DELETE /api/users/68fb0e4ee83b3121e8ea144d HTTP/1.1" 403 26
::1 - - [24/Oct/2025:07:43:55 +0000] "GET /api/users/all HTTP/1.1" 200 1286
::1 - - [24/Oct/2025:07:43:57 +0000] "GET /api/users/all HTTP/1.1" 200 1286
::1 - - [24/Oct/2025:07:44:02 +0000] "POST /api/users/login HTTP/1.1" 200 208
::1 - - [24/Oct/2025:07:44:15 +0000] "GET /api/users/all HTTP/1.1" 200 1286
::1 - - [24/Oct/2025:07:44:18 +0000] "GET /api/users/all HTTP/1.1" 200 1286
::1 - - [24/Oct/2025:07:44:34 +0000] "DELETE /api/users/68fb0e4ee83b3121e8ea144d HTTP/1.1" 403 26
::1 - - [24/Oct/2025:07:46:05 +0000] "DELETE /api/users/68fb0bb3baaee39ae02ad2ce HTTP/1.1" 403 26
::1 - - [24/Oct/2025:07:49:51 +0000] "DELETE /api/users/68fb0bb3baaee39ae02ad2ce HTTP/1.1" 200 303
::1 - - [24/Oct/2025:08:02:34 +0000] "POST /api/users/login HTTP/1.1" 400 25
::1 - - [24/Oct/2025:08:02:43 +0000] "POST /api/users/login HTTP/1.1" 200 207
::1 - - [24/Oct/2025:08:02:57 +0000] "GET /api/users/all HTTP/1.1" 403 26
::1 - - [24/Oct/2025:08:03:26 +0000] "POST /api/users/register HTTP/1.1" 201 255
::1 - - [24/Oct/2025:08:03:43 +0000] "POST /api/users/login HTTP/1.1" 200 207
::1 - - [24/Oct/2025:08:03:58 +0000] "GET /api/users/all HTTP/1.1" 403 26
::1 - - [24/Oct/2025:08:04:42 +0000] "POST /api/users/login HTTP/1.1" 200 208
::1 - - [24/Oct/2025:08:04:55 +0000] "GET /api/users/all HTTP/1.1" 200 1286
::1 - - [24/Oct/2025:08:05:23 +0000] "DELETE /api/users/68fb1470017aaffda42c64ac HTTP/1.1" 200 302
::1 - - [13/Feb/2026:07:57:37 +0000] "POST /api/users/register HTTP/1.1" 201 265
::1 - - [13/Feb/2026:07:57:47 +0000] "POST /api/users/register HTTP/1.1" 400 31
::1 - - [13/Feb/2026:07:58:22 +0000] "POST /api/users/register HTTP/1.1" 400 31
::1 - - [13/Feb/2026:07:58:32 +0000] "POST /api/users/register HTTP/1.1" 201 264
::1 - - [13/Feb/2026:08:00:07 +0000] "POST /api/users/register HTTP/1.1" 400 68
::1 - - [13/Feb/2026:08:00:13 +0000] "POST /api/users/register HTTP/1.1" 201 254
::1 - - [13/Feb/2026:11:22:17 +0000] "POST /api/users/register HTTP/1.1" 201 256
::1 - - [16/Feb/2026:17:55:36 +0000] "POST /api/users/register HTTP/1.1" 400 31
::1 - - [16/Feb/2026:17:55:43 +0000] "POST /api/users/register HTTP/1.1" 201 261
::1 - - [17/Feb/2026:05:04:59 +0000] "POST /api/users/register HTTP/1.1" 400 119
::1 - - [17/Feb/2026:05:05:00 +0000] "POST /api/users/register HTTP/1.1" 400 119
::1 - - [17/Feb/2026:05:05:01 +0000] "POST /api/users/register HTTP/1.1" 400 119
::1 - - [17/Feb/2026:05:05:02 +0000] "POST /api/users/register HTTP/1.1" 400 119
::1 - - [17/Feb/2026:05:05:02 +0000] "POST /api/users/register HTTP/1.1" 400 119
::1 - - [17/Feb/2026:05:05:03 +0000] "POST /api/users/register HTTP/1.1" 400 119
::1 - - [17/Feb/2026:05:06:34 +0000] "POST /api/users/register HTTP/1.1" 201 257
::1 - - [17/Feb/2026:05:09:19 +0000] "POST /api/users/register HTTP/1.1" 400 31
::1 - - [17/Feb/2026:05:09:21 +0000] "POST /api/users/register HTTP/1.1" 400 31
::1 - - [17/Feb/2026:05:09:22 +0000] "POST /api/users/register HTTP/1.1" 400 31
::1 - - [17/Feb/2026:05:09:43 +0000] "POST /api/users/register HTTP/1.1" 201 257
::1 - - [17/Feb/2026:05:41:30 +0000] "POST /api/users/register HTTP/1.1" 400 31
::1 - - [17/Feb/2026:06:17:05 +0000] "POST /api/users/register HTTP/1.1" 201 257
::1 - - [17/Feb/2026:06:23:01 +0000] "POST /api/users/register HTTP/1.1" 400 31
::1 - - [17/Feb/2026:07:04:54 +0000] "POST /api/users/register HTTP/1.1" 201 257
::1 - - [17/Feb/2026:11:04:55 +0000] "POST /api/users/login HTTP/1.1" 400 28
::1 - - [17/Feb/2026:11:04:56 +0000] "POST /api/users/login HTTP/1.1" 400 28
::1 - - [17/Feb/2026:11:04:57 +0000] "POST /api/users/login HTTP/1.1" 400 28
::1 - - [17/Feb/2026:11:04:58 +0000] "POST /api/users/login HTTP/1.1" 400 28
::1 - - [17/Feb/2026:11:04:59 +0000] "POST /api/users/login HTTP/1.1" 400 28
::1 - - [17/Feb/2026:11:04:59 +0000] "POST /api/users/login HTTP/1.1" 400 28
::1 - - [17/Feb/2026:11:08:10 +0000] "POST /api/users/login HTTP/1.1" 200 207
::1 - - [17/Feb/2026:11:08:10 +0000] "GET /api/users/account HTTP/1.1" 200 183
::1 - - [17/Feb/2026:11:08:34 +0000] "GET /api/users/account HTTP/1.1" 200 183
::1 - - [17/Feb/2026:11:12:52 +0000] "POST /api/users/login HTTP/1.1" 200 207
::1 - - [17/Feb/2026:11:12:52 +0000] "GET /api/users/account HTTP/1.1" 200 183
::1 - - [17/Feb/2026:11:14:29 +0000] "POST /api/users/login HTTP/1.1" 200 207
::1 - - [17/Feb/2026:11:14:29 +0000] "GET /api/users/account HTTP/1.1" 200 183
::1 - - [17/Feb/2026:11:15:07 +0000] "GET /api/users/account HTTP/1.1" 200 183
::1 - - [17/Feb/2026:11:15:21 +0000] "POST /api/users/login HTTP/1.1" 200 207
::1 - - [17/Feb/2026:11:15:21 +0000] "GET /api/users/account HTTP/1.1" 200 183
::1 - - [17/Feb/2026:11:16:43 +0000] "GET /api/users/account HTTP/1.1" 200 183
::1 - - [17/Feb/2026:11:34:07 +0000] "POST /api/users/login HTTP/1.1" 200 207
::1 - - [17/Feb/2026:11:34:07 +0000] "GET /api/users/account HTTP/1.1" 200 183
::1 - - [17/Feb/2026:11:34:45 +0000] "POST /api/users/register HTTP/1.1" 201 257
::1 - - [17/Feb/2026:13:38:28 +0000] "POST /api/users/login HTTP/1.1" 200 207
::1 - - [17/Feb/2026:13:38:28 +0000] "GET /api/users/account HTTP/1.1" 200 183
::1 - - [17/Feb/2026:13:48:16 +0000] "POST /api/users/login HTTP/1.1" 200 207
::1 - - [17/Feb/2026:13:48:16 +0000] "GET /api/users/account HTTP/1.1" 401 25
::1 - - [17/Feb/2026:13:48:26 +0000] "POST /api/users/login HTTP/1.1" 200 207
::1 - - [17/Feb/2026:13:48:26 +0000] "GET /api/users/account HTTP/1.1" 401 25
::1 - - [17/Feb/2026:13:48:27 +0000] "POST /api/users/login HTTP/1.1" 200 207
::1 - - [17/Feb/2026:13:48:27 +0000] "GET /api/users/account HTTP/1.1" 401 25
::1 - - [17/Feb/2026:13:48:28 +0000] "POST /api/users/login HTTP/1.1" 200 207
::1 - - [17/Feb/2026:13:48:28 +0000] "GET /api/users/account HTTP/1.1" 401 25
::1 - - [17/Feb/2026:13:48:29 +0000] "POST /api/users/login HTTP/1.1" 200 207
::1 - - [17/Feb/2026:13:48:29 +0000] "GET /api/users/account HTTP/1.1" 401 25
::1 - - [17/Feb/2026:13:48:29 +0000] "POST /api/users/login HTTP/1.1" 200 207
::1 - - [17/Feb/2026:13:48:29 +0000] "GET /api/users/account HTTP/1.1" 401 25
::1 - - [17/Feb/2026:13:48:42 +0000] "POST /api/users/login HTTP/1.1" 200 207
::1 - - [17/Feb/2026:13:48:42 +0000] "GET /api/users/account HTTP/1.1" 401 25
::1 - - [17/Feb/2026:13:48:43 +0000] "POST /api/users/login HTTP/1.1" 200 207
::1 - - [17/Feb/2026:13:48:43 +0000] "GET /api/users/account HTTP/1.1" 401 25
::1 - - [17/Feb/2026:13:48:44 +0000] "POST /api/users/login HTTP/1.1" 200 207
::1 - - [17/Feb/2026:13:48:44 +0000] "GET /api/users/account HTTP/1.1" 401 25
::1 - - [17/Feb/2026:13:48:44 +0000] "POST /api/users/login HTTP/1.1" 200 207
::1 - - [17/Feb/2026:13:48:44 +0000] "GET /api/users/account HTTP/1.1" 401 25
::1 - - [17/Feb/2026:13:48:45 +0000] "GET /api/users/account HTTP/1.1" 401 25
::1 - - [17/Feb/2026:13:48:52 +0000] "GET /api/users/account HTTP/1.1" 401 25
::1 - - [17/Feb/2026:13:48:52 +0000] "GET /api/users/account HTTP/1.1" 401 25
::1 - - [17/Feb/2026:13:48:53 +0000] "GET /api/users/account HTTP/1.1" 401 25
::1 - - [17/Feb/2026:13:49:00 +0000] "GET /api/users/account HTTP/1.1" 401 25
::1 - - [17/Feb/2026:13:49:03 +0000] "GET /api/users/account HTTP/1.1" 401 25
::1 - - [17/Feb/2026:13:49:06 +0000] "GET /api/users/account HTTP/1.1" 401 25
::1 - - [17/Feb/2026:13:49:15 +0000] "GET /api/users/account HTTP/1.1" 401 25
::1 - - [17/Feb/2026:13:49:15 +0000] "GET /api/users/account HTTP/1.1" 401 25
::1 - - [17/Feb/2026:13:49:17 +0000] "GET /api/users/account HTTP/1.1" 401 25
::1 - - [17/Feb/2026:13:49:18 +0000] "GET /api/users/account HTTP/1.1" 401 25
::1 - - [17/Feb/2026:13:49:18 +0000] "GET /api/users/account HTTP/1.1" 401 25
::1 - - [17/Feb/2026:13:49:18 +0000] "GET /api/users/account HTTP/1.1" 401 25
::1 - - [17/Feb/2026:13:49:19 +0000] "GET /api/users/account HTTP/1.1" 401 25
::1 - - [17/Feb/2026:13:49:19 +0000] "GET /api/users/account HTTP/1.1" 401 25
::1 - - [17/Feb/2026:13:49:19 +0000] "GET /api/users/account HTTP/1.1" 401 25
::1 - - [17/Feb/2026:13:49:19 +0000] "GET /api/users/account HTTP/1.1" 401 25
::1 - - [17/Feb/2026:13:49:20 +0000] "GET /api/users/account HTTP/1.1" 401 25
::1 - - [17/Feb/2026:13:49:20 +0000] "GET /api/users/account HTTP/1.1" 401 25
::1 - - [17/Feb/2026:13:49:20 +0000] "GET /api/users/account HTTP/1.1" 401 25
::1 - - [17/Feb/2026:13:49:20 +0000] "GET /api/users/account HTTP/1.1" 401 25
::1 - - [17/Feb/2026:13:49:21 +0000] "GET /api/users/account HTTP/1.1" 401 25
::1 - - [17/Feb/2026:13:49:21 +0000] "GET /api/users/account HTTP/1.1" 401 25
::1 - - [17/Feb/2026:13:49:22 +0000] "GET /api/users/account HTTP/1.1" 401 25
::1 - - [17/Feb/2026:13:49:22 +0000] "GET /api/users/account HTTP/1.1" 401 25
::1 - - [17/Feb/2026:13:49:31 +0000] "GET /api/users/account HTTP/1.1" 401 25
::1 - - [17/Feb/2026:13:49:31 +0000] "GET /api/users/account HTTP/1.1" 401 25
::1 - - [17/Feb/2026:13:49:32 +0000] "GET /api/users/account HTTP/1.1" 401 25
::1 - - [17/Feb/2026:13:49:50 +0000] "GET /api/users/account HTTP/1.1" 200 183
::1 - - [17/Feb/2026:13:49:50 +0000] "GET /api/users/account HTTP/1.1" 304 -
::1 - - [17/Feb/2026:13:50:13 +0000] "GET /api/users/account HTTP/1.1" 304 -
::1 - - [17/Feb/2026:13:50:13 +0000] "GET /api/users/account HTTP/1.1" 304 -
::1 - - [17/Feb/2026:13:54:40 +0000] "POST /api/users/register HTTP/1.1" 400 31
::1 - - [17/Feb/2026:13:54:48 +0000] "POST /api/users/register HTTP/1.1" 201 257
::1 - - [17/Feb/2026:13:55:06 +0000] "POST /api/users/login HTTP/1.1" 200 207
::1 - - [17/Feb/2026:13:55:06 +0000] "GET /api/users/account HTTP/1.1" 200 183
::1 - - [17/Feb/2026:13:55:36 +0000] "GET /api/users/account HTTP/1.1" 304 -
::1 - - [17/Feb/2026:13:55:36 +0000] "GET /api/users/account HTTP/1.1" 304 -
::1 - - [17/Feb/2026:13:55:36 +0000] "GET /api/users/account HTTP/1.1" 304 -
::1 - - [17/Feb/2026:13:55:41 +0000] "GET /api/users/account HTTP/1.1" 304 -
::1 - - [17/Feb/2026:13:55:41 +0000] "GET /api/users/account HTTP/1.1" 304 -
::1 - - [17/Feb/2026:13:55:41 +0000] "GET /api/users/account HTTP/1.1" 304 -
::1 - - [17/Feb/2026:13:55:41 +0000] "GET /api/users/account HTTP/1.1" 304 -
::1 - - [19/Feb/2026:05:39:20 +0000] "POST /api/users/login HTTP/1.1" 200 207
::1 - - [19/Feb/2026:05:39:21 +0000] "GET /api/users/account HTTP/1.1" 200 183
::1 - - [19/Feb/2026:05:39:35 +0000] "GET /api/users/account HTTP/1.1" 200 183
::1 - - [19/Feb/2026:05:39:42 +0000] "GET /api/users/account HTTP/1.1" 200 183
::1 - - [19/Feb/2026:05:39:47 +0000] "GET /api/users/account HTTP/1.1" 200 183
::1 - - [19/Feb/2026:05:39:49 +0000] "GET /api/users/account HTTP/1.1" 200 183
::1 - - [19/Feb/2026:05:40:02 +0000] "GET /api/users/account HTTP/1.1" 200 183
::1 - - [19/Feb/2026:05:46:14 +0000] "GET /api/users/account HTTP/1.1" 304 -
::1 - - [19/Feb/2026:05:46:15 +0000] "GET /api/users/account HTTP/1.1" 304 -
::1 - - [19/Feb/2026:05:49:25 +0000] "GET /api/users/account HTTP/1.1" 304 -
::1 - - [19/Feb/2026:05:49:26 +0000] "GET /api/users/account HTTP/1.1" 304 -
::1 - - [19/Feb/2026:06:18:55 +0000] "GET /api/users/account HTTP/1.1" 304 -
::1 - - [19/Feb/2026:06:29:47 +0000] "GET /api/users/account HTTP/1.1" 304 -
::1 - - [19/Feb/2026:06:29:47 +0000] "GET /api/users/account HTTP/1.1" 200 183
::1 - - [19/Feb/2026:06:29:48 +0000] "GET /api/users/account HTTP/1.1" 304 -
::1 - - [19/Feb/2026:06:30:03 +0000] "GET /api/users/account HTTP/1.1" 304 -
::1 - - [19/Feb/2026:06:30:03 +0000] "GET /api/users/account HTTP/1.1" 304 -
::1 - - [19/Feb/2026:06:30:03 +0000] "GET /api/users/account HTTP/1.1" 200 183
::1 - - [19/Feb/2026:06:30:10 +0000] "GET /api/users/account HTTP/1.1" 304 -
::1 - - [19/Feb/2026:06:30:10 +0000] "GET /api/users/account HTTP/1.1" 304 -
::1 - - [19/Feb/2026:06:30:10 +0000] "GET /api/users/account HTTP/1.1" 200 183
::1 - - [19/Feb/2026:06:30:10 +0000] "GET /api/users/account HTTP/1.1" 304 -
::1 - - [19/Feb/2026:06:30:11 +0000] "GET /api/users/account HTTP/1.1" 304 -
::1 - - [19/Feb/2026:06:30:11 +0000] "GET /api/users/account HTTP/1.1" 200 183
::1 - - [19/Feb/2026:06:39:58 +0000] "POST /api/users/login HTTP/1.1" 200 207
::1 - - [19/Feb/2026:06:39:58 +0000] "GET /api/users/account HTTP/1.1" 200 183
::1 - - [19/Feb/2026:06:40:58 +0000] "POST /api/users/login HTTP/1.1" 200 207
::1 - - [19/Feb/2026:06:40:58 +0000] "GET /api/users/account HTTP/1.1" 200 183
::1 - - [19/Feb/2026:06:42:14 +0000] "GET /api/users/account HTTP/1.1" 304 -
::1 - - [19/Feb/2026:06:42:16 +0000] "GET /api/users/account HTTP/1.1" 304 -
::1 - - [19/Feb/2026:06:42:17 +0000] "GET /api/users/account HTTP/1.1" 304 -
::1 - - [19/Feb/2026:06:50:25 +0000] "GET /api/users/account HTTP/1.1" 304 -
::1 - - [19/Feb/2026:06:51:06 +0000] "GET /api/users/account HTTP/1.1" 304 -
::1 - - [19/Feb/2026:06:51:07 +0000] "GET /api/users/account HTTP/1.1" 304 -
::1 - - [19/Feb/2026:06:51:29 +0000] "GET /api/users/account HTTP/1.1" 304 -
::1 - - [19/Feb/2026:06:51:30 +0000] "GET /api/users/account HTTP/1.1" 304 -
::1 - - [19/Feb/2026:06:52:12 +0000] "GET /api/users/account HTTP/1.1" 304 -
::1 - - [19/Feb/2026:06:54:37 +0000] "GET /api/users/account HTTP/1.1" 304 -
::1 - - [19/Feb/2026:06:54:38 +0000] "GET /api/users/account HTTP/1.1" 304 -
::1 - - [19/Feb/2026:06:54:52 +0000] "POST /api/users/login HTTP/1.1" 200 207
::1 - - [19/Feb/2026:06:54:52 +0000] "GET /api/users/account HTTP/1.1" 200 183
::1 - - [19/Feb/2026:07:07:42 +0000] "GET /api/users/account HTTP/1.1" 304 -
::1 - - [19/Feb/2026:07:17:11 +0000] "GET /api/users/account HTTP/1.1" 304 -
::1 - - [19/Feb/2026:07:17:13 +0000] "GET /api/users/account HTTP/1.1" 200 183
::1 - - [19/Feb/2026:07:22:29 +0000] "GET /api/users/account HTTP/1.1" 200 183
::1 - - [19/Feb/2026:07:24:43 +0000] "POST /api/users/login HTTP/1.1" 200 207
::1 - - [19/Feb/2026:07:24:43 +0000] "GET /api/users/account HTTP/1.1" 304 -
::1 - - [19/Feb/2026:08:36:45 +0000] "GET /api/users/account HTTP/1.1" 304 -
::1 - - [19/Feb/2026:09:22:27 +0000] "GET /api/users/account HTTP/1.1" 304 -
